<?xml version="1.0" encoding="UTF-8"?>
<testsuites name="ExcelLogin" time="104" tests="5" failures="0" errors="0">
   <testsuite name="ExcelLogin" tests="5" failures="0" errors="0" time="104" timestamp="2019-03-14 12:36:47" hostname="rabeet - SQA-02-004.ovrlod.pk" id="Test Suites/ExcelLogin">
      <properties>
         <property name="deviceName" value=""/>
         <property name="devicePlatform" value=""/>
         <property name="logFolder" value="C:\\Users\\rabeet\\Katalon Studio\\DTCM QA Automation\\Reports\\ExcelLogin\\20190314_123646"/>
         <property name="logFiles" value="C:\\Users\\rabeet\\Katalon Studio\\DTCM QA Automation\\Reports\\ExcelLogin\\20190314_123646\\execution0.log"/>
         <property name="attachments" value=""/>
         <property name="hostName" value="rabeet - SQA-02-004.ovrlod.pk"/>
         <property name="os" value="Windows 10 64bit"/>
         <property name="katalonVersion" value="6.0.5.10"/>
         <property name="browser" value="Chrome 72.0.3626.121"/>
         <property name="hostAddress" value="90.90.90.91"/>
         <property name="sessionId" value="04b056d870cfca2222a0c109adf7f6a4"/>
         <property name="seleniumVersion" value="3.7.1"/>
         <property name="proxyInformation" value="ProxyInformation{proxyOption=NO_PROXY, proxyServerType=HTTP, password=, proxyServerAddress=, proxyServerPort=0}"/>
         <property name="platform" value="Windows 10"/>
      </properties>
      <testcase name="Test Cases/DTCM/Login and logout/DTCM Invalid Login Scenario" classname="Test Cases/DTCM/Login and logout/DTCM Invalid Login Scenario" status="PASSED">
         <system-out><![CDATA[2019-03-14 12:36:48 - [TEST_CASE][PASSED] - Test Cases/DTCM/Login and logout/DTCM Invalid Login Scenario: Test Cases/DTCM/Login and logout/DTCM Invalid Login Scenario

2019-03-14 12:36:48 - [TEST_STEP][PASSED] - openBrowser("https://www.katalon.com/"): Browser is opened with url: 'https://www.katalon.com/'

2019-03-14 12:36:48 - [MESSAGE][INFO] - Starting 'Chrome' driver

2019-03-14 12:36:48 - [MESSAGE][INFO] - Action delay is set to 0 seconds

2019-03-14 12:36:58 - [MESSAGE][PASSED] - Browser is opened with url: 'https://www.katalon.com/'

2019-03-14 12:36:58 - [TEST_STEP][PASSED] - driver = getWebDriver(): null

2019-03-14 12:36:58 - [TEST_STEP][PASSED] - baseUrl = "https://www.katalon.com/": null

2019-03-14 12:36:58 - [TEST_STEP][PASSED] - selenium = new com.thoughtworks.selenium.webdriven.WebDriverBackedSelenium(driver, baseUrl): null

2019-03-14 12:36:58 - [TEST_STEP][PASSED] - CurrentURL = "https://qacd2.testvisitdubai.com/en/account/login?v=78798789": null

2019-03-14 12:36:58 - [TEST_STEP][PASSED] - selenium.open(CurrentURL): null

2019-03-14 12:37:04 - [TEST_STEP][PASSED] - selenium.click("id=tbUsername"): null

2019-03-14 12:37:04 - [TEST_STEP][PASSED] - Thread.sleep(1500): null

2019-03-14 12:37:06 - [TEST_STEP][PASSED] - selenium.type("id=tbUsername", username): null

2019-03-14 12:37:06 - [TEST_STEP][PASSED] - selenium.type("id=tbPassword", password): null

2019-03-14 12:37:06 - [TEST_STEP][PASSED] - Thread.sleep(1500): null

2019-03-14 12:37:07 - [TEST_STEP][PASSED] - selenium.click("id=plhcontent_0_lbtnSubmit"): null

2019-03-14 12:37:07 - [TEST_STEP][PASSED] - Thread.sleep(500): null

2019-03-14 12:37:08 - [TEST_STEP][PASSED] - locationNow = location: null

2019-03-14 12:37:08 - [TEST_STEP][PASSED] - if (CurrentURL == locationNow): null

2019-03-14 12:37:08 - [TEST_STEP][PASSED] - out.println("Test Case is Passed"): null]]></system-out>
         <system-err><![CDATA[]]></system-err>
      </testcase>
      <testcase name="Test Cases/DTCM/Login and logout/DTCM Invalid Login Scenario" classname="Test Cases/DTCM/Login and logout/DTCM Invalid Login Scenario" status="PASSED">
         <system-out><![CDATA[2019-03-14 12:37:08 - [TEST_CASE][PASSED] - Test Cases/DTCM/Login and logout/DTCM Invalid Login Scenario: Test Cases/DTCM/Login and logout/DTCM Invalid Login Scenario

2019-03-14 12:37:08 - [TEST_STEP][PASSED] - openBrowser("https://www.katalon.com/"): Browser is opened with url: 'https://www.katalon.com/'

2019-03-14 12:37:08 - [MESSAGE][WARNING] - A browser is already opened. Closing browser and opening a new one

2019-03-14 12:37:09 - [MESSAGE][INFO] - Starting 'Chrome' driver

2019-03-14 12:37:18 - [MESSAGE][PASSED] - Browser is opened with url: 'https://www.katalon.com/'

2019-03-14 12:37:18 - [TEST_STEP][PASSED] - driver = getWebDriver(): null

2019-03-14 12:37:18 - [TEST_STEP][PASSED] - baseUrl = "https://www.katalon.com/": null

2019-03-14 12:37:18 - [TEST_STEP][PASSED] - selenium = new com.thoughtworks.selenium.webdriven.WebDriverBackedSelenium(driver, baseUrl): null

2019-03-14 12:37:18 - [TEST_STEP][PASSED] - CurrentURL = "https://qacd2.testvisitdubai.com/en/account/login?v=78798789": null

2019-03-14 12:37:18 - [TEST_STEP][PASSED] - selenium.open(CurrentURL): null

2019-03-14 12:37:23 - [TEST_STEP][PASSED] - selenium.click("id=tbUsername"): null

2019-03-14 12:37:23 - [TEST_STEP][PASSED] - Thread.sleep(1500): null

2019-03-14 12:37:24 - [TEST_STEP][PASSED] - selenium.type("id=tbUsername", username): null

2019-03-14 12:37:24 - [TEST_STEP][PASSED] - selenium.type("id=tbPassword", password): null

2019-03-14 12:37:24 - [TEST_STEP][PASSED] - Thread.sleep(1500): null

2019-03-14 12:37:26 - [TEST_STEP][PASSED] - selenium.click("id=plhcontent_0_lbtnSubmit"): null

2019-03-14 12:37:26 - [TEST_STEP][PASSED] - Thread.sleep(500): null

2019-03-14 12:37:26 - [TEST_STEP][PASSED] - locationNow = location: null

2019-03-14 12:37:26 - [TEST_STEP][PASSED] - if (CurrentURL == locationNow): null

2019-03-14 12:37:26 - [TEST_STEP][PASSED] - out.println("Test Case is Passed"): null]]></system-out>
         <system-err><![CDATA[]]></system-err>
      </testcase>
      <testcase name="Test Cases/DTCM/Login and logout/DTCM Invalid Login Scenario" classname="Test Cases/DTCM/Login and logout/DTCM Invalid Login Scenario" status="PASSED">
         <system-out><![CDATA[2019-03-14 12:37:26 - [TEST_CASE][PASSED] - Test Cases/DTCM/Login and logout/DTCM Invalid Login Scenario: Test Cases/DTCM/Login and logout/DTCM Invalid Login Scenario

2019-03-14 12:37:26 - [TEST_STEP][PASSED] - openBrowser("https://www.katalon.com/"): Browser is opened with url: 'https://www.katalon.com/'

2019-03-14 12:37:27 - [MESSAGE][WARNING] - A browser is already opened. Closing browser and opening a new one

2019-03-14 12:37:27 - [MESSAGE][INFO] - Starting 'Chrome' driver

2019-03-14 12:37:36 - [MESSAGE][PASSED] - Browser is opened with url: 'https://www.katalon.com/'

2019-03-14 12:37:36 - [TEST_STEP][PASSED] - driver = getWebDriver(): null

2019-03-14 12:37:36 - [TEST_STEP][PASSED] - baseUrl = "https://www.katalon.com/": null

2019-03-14 12:37:36 - [TEST_STEP][PASSED] - selenium = new com.thoughtworks.selenium.webdriven.WebDriverBackedSelenium(driver, baseUrl): null

2019-03-14 12:37:36 - [TEST_STEP][PASSED] - CurrentURL = "https://qacd2.testvisitdubai.com/en/account/login?v=78798789": null

2019-03-14 12:37:36 - [TEST_STEP][PASSED] - selenium.open(CurrentURL): null

2019-03-14 12:37:41 - [TEST_STEP][PASSED] - selenium.click("id=tbUsername"): null

2019-03-14 12:37:42 - [TEST_STEP][PASSED] - Thread.sleep(1500): null

2019-03-14 12:37:43 - [TEST_STEP][PASSED] - selenium.type("id=tbUsername", username): null

2019-03-14 12:37:43 - [TEST_STEP][PASSED] - selenium.type("id=tbPassword", password): null

2019-03-14 12:37:43 - [TEST_STEP][PASSED] - Thread.sleep(1500): null

2019-03-14 12:37:45 - [TEST_STEP][PASSED] - selenium.click("id=plhcontent_0_lbtnSubmit"): null

2019-03-14 12:37:45 - [TEST_STEP][PASSED] - Thread.sleep(500): null

2019-03-14 12:37:45 - [TEST_STEP][PASSED] - locationNow = location: null

2019-03-14 12:37:45 - [TEST_STEP][PASSED] - if (CurrentURL == locationNow): null

2019-03-14 12:37:45 - [TEST_STEP][PASSED] - out.println("Test Case is Passed"): null]]></system-out>
         <system-err><![CDATA[]]></system-err>
      </testcase>
      <testcase name="Test Cases/DTCM/Login and logout/DTCM Invalid Login Scenario" classname="Test Cases/DTCM/Login and logout/DTCM Invalid Login Scenario" status="PASSED">
         <system-out><![CDATA[2019-03-14 12:37:45 - [TEST_CASE][PASSED] - Test Cases/DTCM/Login and logout/DTCM Invalid Login Scenario: Test Cases/DTCM/Login and logout/DTCM Invalid Login Scenario

2019-03-14 12:37:45 - [TEST_STEP][PASSED] - openBrowser("https://www.katalon.com/"): Browser is opened with url: 'https://www.katalon.com/'

2019-03-14 12:37:45 - [MESSAGE][WARNING] - A browser is already opened. Closing browser and opening a new one

2019-03-14 12:37:46 - [MESSAGE][INFO] - Starting 'Chrome' driver

2019-03-14 12:37:55 - [MESSAGE][PASSED] - Browser is opened with url: 'https://www.katalon.com/'

2019-03-14 12:37:55 - [TEST_STEP][PASSED] - driver = getWebDriver(): null

2019-03-14 12:37:55 - [TEST_STEP][PASSED] - baseUrl = "https://www.katalon.com/": null

2019-03-14 12:37:56 - [TEST_STEP][PASSED] - selenium = new com.thoughtworks.selenium.webdriven.WebDriverBackedSelenium(driver, baseUrl): null

2019-03-14 12:37:56 - [TEST_STEP][PASSED] - CurrentURL = "https://qacd2.testvisitdubai.com/en/account/login?v=78798789": null

2019-03-14 12:37:56 - [TEST_STEP][PASSED] - selenium.open(CurrentURL): null

2019-03-14 12:38:01 - [TEST_STEP][PASSED] - selenium.click("id=tbUsername"): null

2019-03-14 12:38:01 - [TEST_STEP][PASSED] - Thread.sleep(1500): null

2019-03-14 12:38:02 - [TEST_STEP][PASSED] - selenium.type("id=tbUsername", username): null

2019-03-14 12:38:02 - [TEST_STEP][PASSED] - selenium.type("id=tbPassword", password): null

2019-03-14 12:38:02 - [TEST_STEP][PASSED] - Thread.sleep(1500): null

2019-03-14 12:38:04 - [TEST_STEP][PASSED] - selenium.click("id=plhcontent_0_lbtnSubmit"): null

2019-03-14 12:38:05 - [TEST_STEP][PASSED] - Thread.sleep(500): null

2019-03-14 12:38:05 - [TEST_STEP][PASSED] - locationNow = location: null

2019-03-14 12:38:05 - [TEST_STEP][PASSED] - if (CurrentURL == locationNow): null

2019-03-14 12:38:05 - [TEST_STEP][PASSED] - out.println("Test Case is Passed"): null]]></system-out>
         <system-err><![CDATA[]]></system-err>
      </testcase>
      <testcase name="Test Cases/DTCM/Login and logout/DTCM Invalid Login Scenario" classname="Test Cases/DTCM/Login and logout/DTCM Invalid Login Scenario" status="PASSED">
         <system-out><![CDATA[2019-03-14 12:38:05 - [TEST_CASE][PASSED] - Test Cases/DTCM/Login and logout/DTCM Invalid Login Scenario: Test Cases/DTCM/Login and logout/DTCM Invalid Login Scenario

2019-03-14 12:38:05 - [TEST_STEP][PASSED] - openBrowser("https://www.katalon.com/"): Browser is opened with url: 'https://www.katalon.com/'

2019-03-14 12:38:05 - [MESSAGE][WARNING] - A browser is already opened. Closing browser and opening a new one

2019-03-14 12:38:06 - [MESSAGE][INFO] - Starting 'Chrome' driver

2019-03-14 12:38:15 - [MESSAGE][PASSED] - Browser is opened with url: 'https://www.katalon.com/'

2019-03-14 12:38:15 - [TEST_STEP][PASSED] - driver = getWebDriver(): null

2019-03-14 12:38:15 - [TEST_STEP][PASSED] - baseUrl = "https://www.katalon.com/": null

2019-03-14 12:38:15 - [TEST_STEP][PASSED] - selenium = new com.thoughtworks.selenium.webdriven.WebDriverBackedSelenium(driver, baseUrl): null

2019-03-14 12:38:15 - [TEST_STEP][PASSED] - CurrentURL = "https://qacd2.testvisitdubai.com/en/account/login?v=78798789": null

2019-03-14 12:38:15 - [TEST_STEP][PASSED] - selenium.open(CurrentURL): null

2019-03-14 12:38:21 - [TEST_STEP][PASSED] - selenium.click("id=tbUsername"): null

2019-03-14 12:38:21 - [TEST_STEP][PASSED] - Thread.sleep(1500): null

2019-03-14 12:38:23 - [TEST_STEP][PASSED] - selenium.type("id=tbUsername", username): null

2019-03-14 12:38:23 - [TEST_STEP][PASSED] - selenium.type("id=tbPassword", password): null

2019-03-14 12:38:23 - [TEST_STEP][PASSED] - Thread.sleep(1500): null

2019-03-14 12:38:24 - [TEST_STEP][PASSED] - selenium.click("id=plhcontent_0_lbtnSubmit"): null

2019-03-14 12:38:31 - [TEST_STEP][PASSED] - Thread.sleep(500): null

2019-03-14 12:38:31 - [TEST_STEP][PASSED] - locationNow = location: null

2019-03-14 12:38:31 - [TEST_STEP][PASSED] - if (CurrentURL == locationNow): null

2019-03-14 12:38:31 - [TEST_STEP][PASSED] - else: null

2019-03-14 12:38:31 - [TEST_STEP][PASSED] - out.println("Test Case is Failed"): null]]></system-out>
         <system-err><![CDATA[]]></system-err>
      </testcase>
      <system-out><![CDATA[2019-03-14 12:36:47 - [TEST_SUITE][PASSED] - ExcelLogin: Test Cases/DTCM/Login and logout/DTCM Invalid Login Scenario]]></system-out>
      <system-err><![CDATA[]]></system-err>
   </testsuite>
</testsuites>
